have_library: checking for t_open() in -lnsl... -------------------- no

"gcc -o conftest -I../../.ext/include/i686-linux -I../.././include -I../.././ext/openssl  -D_FILE_OFFSET_BITS=64   -O3 -ggdb -Wall -Wextra -Wno-unused-parameter -Wno-parentheses -Wno-long-long -Wno-missing-field-initializers -Wpointer-arith -Wwrite-strings -Wdeclaration-after-statement -Wimplicit-function-declaration conftest.c  -L. -L../.. -L.  -rdynamic -Wl,-export-dynamic     -Wl,-R -Wl,/usr/local/lib -L/usr/local/lib -lruby-static -lnsl  -lpthread -lrt -ldl -lcrypt -lm   -lc"
conftest.c: In function ‘t’:
conftest.c:9:57: error: ‘t_open’ undeclared (first use in this function)
conftest.c:9:57: note: each undeclared identifier is reported only once for each function it appears in
conftest.c:9:32: warning: variable ‘p’ set but not used [-Wunused-but-set-variable]
checked program was:
/* begin */
1: #include "ruby.h"
2: 
3: /*top*/
4: int main(int argc, char **argv)
5: {
6:   return 0;
7: }
8: extern int t(void);
9: int t(void) { void ((*volatile p)()); p = (void ((*)()))t_open; return 0; }
/* end */

"gcc -o conftest -I../../.ext/include/i686-linux -I../.././include -I../.././ext/openssl  -D_FILE_OFFSET_BITS=64   -O3 -ggdb -Wall -Wextra -Wno-unused-parameter -Wno-parentheses -Wno-long-long -Wno-missing-field-initializers -Wpointer-arith -Wwrite-strings -Wdeclaration-after-statement -Wimplicit-function-declaration conftest.c  -L. -L../.. -L.  -rdynamic -Wl,-export-dynamic     -Wl,-R -Wl,/usr/local/lib -L/usr/local/lib -lruby-static -lnsl  -lpthread -lrt -ldl -lcrypt -lm   -lc"
conftest.c: In function ‘t’:
conftest.c:9:1: warning: implicit declaration of function ‘t_open’ [-Wimplicit-function-declaration]
/tmp/ccEm8rfc.o: In function `t':
/home/vax7/u40/nbook/ruby-1.9.3-p429/ext/openssl/conftest.c:9: undefined reference to `t_open'
collect2: error: ld returned 1 exit status
checked program was:
/* begin */
1: #include "ruby.h"
2: 
3: /*top*/
4: int main(int argc, char **argv)
5: {
6:   return 0;
7: }
8: extern int t(void);
9: int t(void) { t_open(); return 0; }
/* end */

--------------------

have_library: checking for socket() in -lsocket... -------------------- no

"gcc -o conftest -I../../.ext/include/i686-linux -I../.././include -I../.././ext/openssl  -D_FILE_OFFSET_BITS=64   -O3 -ggdb -Wall -Wextra -Wno-unused-parameter -Wno-parentheses -Wno-long-long -Wno-missing-field-initializers -Wpointer-arith -Wwrite-strings -Wdeclaration-after-statement -Wimplicit-function-declaration conftest.c  -L. -L../.. -L.  -rdynamic -Wl,-export-dynamic     -Wl,-R -Wl,/usr/local/lib -L/usr/local/lib -lruby-static -lsocket  -lpthread -lrt -ldl -lcrypt -lm   -lc"
conftest.c: In function ‘t’:
conftest.c:9:57: error: ‘socket’ undeclared (first use in this function)
conftest.c:9:57: note: each undeclared identifier is reported only once for each function it appears in
conftest.c:9:32: warning: variable ‘p’ set but not used [-Wunused-but-set-variable]
checked program was:
/* begin */
1: #include "ruby.h"
2: 
3: /*top*/
4: int main(int argc, char **argv)
5: {
6:   return 0;
7: }
8: extern int t(void);
9: int t(void) { void ((*volatile p)()); p = (void ((*)()))socket; return 0; }
/* end */

"gcc -o conftest -I../../.ext/include/i686-linux -I../.././include -I../.././ext/openssl  -D_FILE_OFFSET_BITS=64   -O3 -ggdb -Wall -Wextra -Wno-unused-parameter -Wno-parentheses -Wno-long-long -Wno-missing-field-initializers -Wpointer-arith -Wwrite-strings -Wdeclaration-after-statement -Wimplicit-function-declaration conftest.c  -L. -L../.. -L.  -rdynamic -Wl,-export-dynamic     -Wl,-R -Wl,/usr/local/lib -L/usr/local/lib -lruby-static -lsocket  -lpthread -lrt -ldl -lcrypt -lm   -lc"
conftest.c: In function ‘t’:
conftest.c:9:1: warning: implicit declaration of function ‘socket’ [-Wimplicit-function-declaration]
/usr/bin/ld: cannot find -lsocket
collect2: error: ld returned 1 exit status
checked program was:
/* begin */
1: #include "ruby.h"
2: 
3: /*top*/
4: int main(int argc, char **argv)
5: {
6:   return 0;
7: }
8: extern int t(void);
9: int t(void) { socket(); return 0; }
/* end */

--------------------

have_header: checking for assert.h... -------------------- yes

"gcc -E -I../../.ext/include/i686-linux -I../.././include -I../.././ext/openssl  -D_FILE_OFFSET_BITS=64   -O3 -ggdb -Wall -Wextra -Wno-unused-parameter -Wno-parentheses -Wno-long-long -Wno-missing-field-initializers -Wpointer-arith -Wwrite-strings -Wdeclaration-after-statement -Wimplicit-function-declaration  conftest.c -o conftest.i"
checked program was:
/* begin */
1: #include "ruby.h"
2: 
3: #include <assert.h>
/* end */

--------------------

package configuration for openssl is not found
have_header: checking for openssl/ssl.h... -------------------- no

"gcc -E -I../../.ext/include/i686-linux -I../.././include -I../.././ext/openssl  -D_FILE_OFFSET_BITS=64   -O3 -ggdb -Wall -Wextra -Wno-unused-parameter -Wno-parentheses -Wno-long-long -Wno-missing-field-initializers -Wpointer-arith -Wwrite-strings -Wdeclaration-after-statement -Wimplicit-function-declaration  conftest.c -o conftest.i"
conftest.c:3:25: fatal error: openssl/ssl.h: No such file or directory
compilation terminated.
checked program was:
/* begin */
1: #include "ruby.h"
2: 
3: #include <openssl/ssl.h>
/* end */

--------------------

Failed to configure openssl. It will not be installed.
