have_func: checking for ruby_native_thread_p() in ruby.h... -------------------- yes

"gcc -o conftest -I../../.ext/include/x86_64-linux -I../.././include -I../.././ext/tk     -O3 -ggdb -Wall -Wextra -Wno-unused-parameter -Wno-parentheses -Wno-long-long -Wno-missing-field-initializers -Wpointer-arith -Wwrite-strings -Wdeclaration-after-statement -Wimplicit-function-declaration conftest.c  -L. -L../.. -L.  -rdynamic -Wl,-export-dynamic     -Wl,-R -Wl,/usr/local/lib -L/usr/local/lib -lruby-static  -lpthread -lrt -ldl -lcrypt -lm   -lc"
conftest.c: In function ‘t’:
conftest.c:11:32: warning: variable ‘p’ set but not used [-Wunused-but-set-variable]
checked program was:
/* begin */
 1: #include "ruby.h"
 2: 
 3: #include <ruby.h>
 4: 
 5: /*top*/
 6: int main(int argc, char **argv)
 7: {
 8:   return 0;
 9: }
10: extern int t(void);
11: int t(void) { void ((*volatile p)()); p = (void ((*)()))ruby_native_thread_p; return 0; }
/* end */

--------------------

have_func: checking for rb_errinfo() in ruby.h... -------------------- yes

"gcc -o conftest -I../../.ext/include/x86_64-linux -I../.././include -I../.././ext/tk     -O3 -ggdb -Wall -Wextra -Wno-unused-parameter -Wno-parentheses -Wno-long-long -Wno-missing-field-initializers -Wpointer-arith -Wwrite-strings -Wdeclaration-after-statement -Wimplicit-function-declaration conftest.c  -L. -L../.. -L.  -rdynamic -Wl,-export-dynamic     -Wl,-R -Wl,/usr/local/lib -L/usr/local/lib -lruby-static  -lpthread -lrt -ldl -lcrypt -lm   -lc"
conftest.c: In function ‘t’:
conftest.c:11:32: warning: variable ‘p’ set but not used [-Wunused-but-set-variable]
checked program was:
/* begin */
 1: #include "ruby.h"
 2: 
 3: #include <ruby.h>
 4: 
 5: /*top*/
 6: int main(int argc, char **argv)
 7: {
 8:   return 0;
 9: }
10: extern int t(void);
11: int t(void) { void ((*volatile p)()); p = (void ((*)()))rb_errinfo; return 0; }
/* end */

--------------------

have_func: checking for rb_safe_level() in ruby.h... -------------------- yes

"gcc -o conftest -I../../.ext/include/x86_64-linux -I../.././include -I../.././ext/tk     -O3 -ggdb -Wall -Wextra -Wno-unused-parameter -Wno-parentheses -Wno-long-long -Wno-missing-field-initializers -Wpointer-arith -Wwrite-strings -Wdeclaration-after-statement -Wimplicit-function-declaration conftest.c  -L. -L../.. -L.  -rdynamic -Wl,-export-dynamic     -Wl,-R -Wl,/usr/local/lib -L/usr/local/lib -lruby-static  -lpthread -lrt -ldl -lcrypt -lm   -lc"
conftest.c: In function ‘t’:
conftest.c:11:32: warning: variable ‘p’ set but not used [-Wunused-but-set-variable]
checked program was:
/* begin */
 1: #include "ruby.h"
 2: 
 3: #include <ruby.h>
 4: 
 5: /*top*/
 6: int main(int argc, char **argv)
 7: {
 8:   return 0;
 9: }
10: extern int t(void);
11: int t(void) { void ((*volatile p)()); p = (void ((*)()))rb_safe_level; return 0; }
/* end */

--------------------

have_func: checking for rb_hash_lookup() in ruby.h... -------------------- yes

"gcc -o conftest -I../../.ext/include/x86_64-linux -I../.././include -I../.././ext/tk     -O3 -ggdb -Wall -Wextra -Wno-unused-parameter -Wno-parentheses -Wno-long-long -Wno-missing-field-initializers -Wpointer-arith -Wwrite-strings -Wdeclaration-after-statement -Wimplicit-function-declaration conftest.c  -L. -L../.. -L.  -rdynamic -Wl,-export-dynamic     -Wl,-R -Wl,/usr/local/lib -L/usr/local/lib -lruby-static  -lpthread -lrt -ldl -lcrypt -lm   -lc"
conftest.c: In function ‘t’:
conftest.c:11:32: warning: variable ‘p’ set but not used [-Wunused-but-set-variable]
checked program was:
/* begin */
 1: #include "ruby.h"
 2: 
 3: #include <ruby.h>
 4: 
 5: /*top*/
 6: int main(int argc, char **argv)
 7: {
 8:   return 0;
 9: }
10: extern int t(void);
11: int t(void) { void ((*volatile p)()); p = (void ((*)()))rb_hash_lookup; return 0; }
/* end */

--------------------

have_func: checking for rb_proc_new() in ruby.h... -------------------- yes

"gcc -o conftest -I../../.ext/include/x86_64-linux -I../.././include -I../.././ext/tk     -O3 -ggdb -Wall -Wextra -Wno-unused-parameter -Wno-parentheses -Wno-long-long -Wno-missing-field-initializers -Wpointer-arith -Wwrite-strings -Wdeclaration-after-statement -Wimplicit-function-declaration conftest.c  -L. -L../.. -L.  -rdynamic -Wl,-export-dynamic     -Wl,-R -Wl,/usr/local/lib -L/usr/local/lib -lruby-static  -lpthread -lrt -ldl -lcrypt -lm   -lc"
conftest.c: In function ‘t’:
conftest.c:11:32: warning: variable ‘p’ set but not used [-Wunused-but-set-variable]
checked program was:
/* begin */
 1: #include "ruby.h"
 2: 
 3: #include <ruby.h>
 4: 
 5: /*top*/
 6: int main(int argc, char **argv)
 7: {
 8:   return 0;
 9: }
10: extern int t(void);
11: int t(void) { void ((*volatile p)()); p = (void ((*)()))rb_proc_new; return 0; }
/* end */

--------------------

have_func: checking for rb_obj_untrust() in ruby.h... -------------------- yes

"gcc -o conftest -I../../.ext/include/x86_64-linux -I../.././include -I../.././ext/tk     -O3 -ggdb -Wall -Wextra -Wno-unused-parameter -Wno-parentheses -Wno-long-long -Wno-missing-field-initializers -Wpointer-arith -Wwrite-strings -Wdeclaration-after-statement -Wimplicit-function-declaration conftest.c  -L. -L../.. -L.  -rdynamic -Wl,-export-dynamic     -Wl,-R -Wl,/usr/local/lib -L/usr/local/lib -lruby-static  -lpthread -lrt -ldl -lcrypt -lm   -lc"
conftest.c: In function ‘t’:
conftest.c:11:32: warning: variable ‘p’ set but not used [-Wunused-but-set-variable]
checked program was:
/* begin */
 1: #include "ruby.h"
 2: 
 3: #include <ruby.h>
 4: 
 5: /*top*/
 6: int main(int argc, char **argv)
 7: {
 8:   return 0;
 9: }
10: extern int t(void);
11: int t(void) { void ((*volatile p)()); p = (void ((*)()))rb_obj_untrust; return 0; }
/* end */

--------------------

have_func: checking for rb_obj_taint() in ruby.h... -------------------- yes

"gcc -o conftest -I../../.ext/include/x86_64-linux -I../.././include -I../.././ext/tk     -O3 -ggdb -Wall -Wextra -Wno-unused-parameter -Wno-parentheses -Wno-long-long -Wno-missing-field-initializers -Wpointer-arith -Wwrite-strings -Wdeclaration-after-statement -Wimplicit-function-declaration conftest.c  -L. -L../.. -L.  -rdynamic -Wl,-export-dynamic     -Wl,-R -Wl,/usr/local/lib -L/usr/local/lib -lruby-static  -lpthread -lrt -ldl -lcrypt -lm   -lc"
conftest.c: In function ‘t’:
conftest.c:11:32: warning: variable ‘p’ set but not used [-Wunused-but-set-variable]
checked program was:
/* begin */
 1: #include "ruby.h"
 2: 
 3: #include <ruby.h>
 4: 
 5: /*top*/
 6: int main(int argc, char **argv)
 7: {
 8:   return 0;
 9: }
10: extern int t(void);
11: int t(void) { void ((*volatile p)()); p = (void ((*)()))rb_obj_taint; return 0; }
/* end */

--------------------

have_func: checking for rb_set_safe_level_force() in ruby.h... -------------------- yes

"gcc -o conftest -I../../.ext/include/x86_64-linux -I../.././include -I../.././ext/tk     -O3 -ggdb -Wall -Wextra -Wno-unused-parameter -Wno-parentheses -Wno-long-long -Wno-missing-field-initializers -Wpointer-arith -Wwrite-strings -Wdeclaration-after-statement -Wimplicit-function-declaration conftest.c  -L. -L../.. -L.  -rdynamic -Wl,-export-dynamic     -Wl,-R -Wl,/usr/local/lib -L/usr/local/lib -lruby-static  -lpthread -lrt -ldl -lcrypt -lm   -lc"
conftest.c: In function ‘t’:
conftest.c:11:32: warning: variable ‘p’ set but not used [-Wunused-but-set-variable]
checked program was:
/* begin */
 1: #include "ruby.h"
 2: 
 3: #include <ruby.h>
 4: 
 5: /*top*/
 6: int main(int argc, char **argv)
 7: {
 8:   return 0;
 9: }
10: extern int t(void);
11: int t(void) { void ((*volatile p)()); p = (void ((*)()))rb_set_safe_level_force; return 0; }
/* end */

--------------------

have_func: checking for rb_sourcefile() in ruby.h... -------------------- yes

"gcc -o conftest -I../../.ext/include/x86_64-linux -I../.././include -I../.././ext/tk     -O3 -ggdb -Wall -Wextra -Wno-unused-parameter -Wno-parentheses -Wno-long-long -Wno-missing-field-initializers -Wpointer-arith -Wwrite-strings -Wdeclaration-after-statement -Wimplicit-function-declaration conftest.c  -L. -L../.. -L.  -rdynamic -Wl,-export-dynamic     -Wl,-R -Wl,/usr/local/lib -L/usr/local/lib -lruby-static  -lpthread -lrt -ldl -lcrypt -lm   -lc"
conftest.c: In function ‘t’:
conftest.c:11:32: warning: variable ‘p’ set but not used [-Wunused-but-set-variable]
checked program was:
/* begin */
 1: #include "ruby.h"
 2: 
 3: #include <ruby.h>
 4: 
 5: /*top*/
 6: int main(int argc, char **argv)
 7: {
 8:   return 0;
 9: }
10: extern int t(void);
11: int t(void) { void ((*volatile p)()); p = (void ((*)()))rb_sourcefile; return 0; }
/* end */

--------------------

have_struct_member: checking for struct RArray.ptr in ruby.h... -------------------- no

"gcc -I../../.ext/include/x86_64-linux -I../.././include -I../.././ext/tk     -O3 -ggdb -Wall -Wextra -Wno-unused-parameter -Wno-parentheses -Wno-long-long -Wno-missing-field-initializers -Wpointer-arith -Wwrite-strings -Wdeclaration-after-statement -Wimplicit-function-declaration   -c conftest.c"
conftest.c:6:37: error: ‘struct RArray’ has no member named ‘ptr’
checked program was:
/* begin */
 1: #include "ruby.h"
 2: 
 3: #include <ruby.h>
 4: 
 5: /*top*/
 6: int s = (char *)&((struct RArray*)0)->ptr - (char *)0;
 7: int main(int argc, char **argv)
 8: {
 9:   if (argc > 1000000) {
10:     printf("%p", &s);
11:   }
12: 
13:   return 0;
14: }
/* end */

--------------------

have_struct_member: checking for struct RArray.len in ruby.h... -------------------- no

"gcc -I../../.ext/include/x86_64-linux -I../.././include -I../.././ext/tk     -O3 -ggdb -Wall -Wextra -Wno-unused-parameter -Wno-parentheses -Wno-long-long -Wno-missing-field-initializers -Wpointer-arith -Wwrite-strings -Wdeclaration-after-statement -Wimplicit-function-declaration   -c conftest.c"
conftest.c:6:37: error: ‘struct RArray’ has no member named ‘len’
checked program was:
/* begin */
 1: #include "ruby.h"
 2: 
 3: #include <ruby.h>
 4: 
 5: /*top*/
 6: int s = (char *)&((struct RArray*)0)->len - (char *)0;
 7: int main(int argc, char **argv)
 8: {
 9:   if (argc > 1000000) {
10:     printf("%p", &s);
11:   }
12: 
13:   return 0;
14: }
/* end */

--------------------

have_library: checking for t_open() in -lnsl... -------------------- no

"gcc -o conftest -I../../.ext/include/x86_64-linux -I../.././include -I../.././ext/tk     -O3 -ggdb -Wall -Wextra -Wno-unused-parameter -Wno-parentheses -Wno-long-long -Wno-missing-field-initializers -Wpointer-arith -Wwrite-strings -Wdeclaration-after-statement -Wimplicit-function-declaration conftest.c  -L. -L../.. -L.  -rdynamic -Wl,-export-dynamic     -Wl,-R -Wl,/usr/local/lib -L/usr/local/lib -lruby-static -lnsl  -lpthread -lrt -ldl -lcrypt -lm   -lc"
conftest.c: In function ‘t’:
conftest.c:9:57: error: ‘t_open’ undeclared (first use in this function)
conftest.c:9:57: note: each undeclared identifier is reported only once for each function it appears in
conftest.c:9:32: warning: variable ‘p’ set but not used [-Wunused-but-set-variable]
checked program was:
/* begin */
1: #include "ruby.h"
2: 
3: /*top*/
4: int main(int argc, char **argv)
5: {
6:   return 0;
7: }
8: extern int t(void);
9: int t(void) { void ((*volatile p)()); p = (void ((*)()))t_open; return 0; }
/* end */

"gcc -o conftest -I../../.ext/include/x86_64-linux -I../.././include -I../.././ext/tk     -O3 -ggdb -Wall -Wextra -Wno-unused-parameter -Wno-parentheses -Wno-long-long -Wno-missing-field-initializers -Wpointer-arith -Wwrite-strings -Wdeclaration-after-statement -Wimplicit-function-declaration conftest.c  -L. -L../.. -L.  -rdynamic -Wl,-export-dynamic     -Wl,-R -Wl,/usr/local/lib -L/usr/local/lib -lruby-static -lnsl  -lpthread -lrt -ldl -lcrypt -lm   -lc"
conftest.c: In function ‘t’:
conftest.c:9:1: warning: implicit declaration of function ‘t_open’ [-Wimplicit-function-declaration]
/tmp/ccQlXz5o.o: In function `t':
/home/nbook/ruby-concurrent-gc/ext/tk/conftest.c:9: undefined reference to `t_open'
collect2: error: ld returned 1 exit status
checked program was:
/* begin */
1: #include "ruby.h"
2: 
3: /*top*/
4: int main(int argc, char **argv)
5: {
6:   return 0;
7: }
8: extern int t(void);
9: int t(void) { t_open(); return 0; }
/* end */

--------------------

have_library: checking for socket() in -lsocket... -------------------- no

"gcc -o conftest -I../../.ext/include/x86_64-linux -I../.././include -I../.././ext/tk     -O3 -ggdb -Wall -Wextra -Wno-unused-parameter -Wno-parentheses -Wno-long-long -Wno-missing-field-initializers -Wpointer-arith -Wwrite-strings -Wdeclaration-after-statement -Wimplicit-function-declaration conftest.c  -L. -L../.. -L.  -rdynamic -Wl,-export-dynamic     -Wl,-R -Wl,/usr/local/lib -L/usr/local/lib -lruby-static -lsocket  -lpthread -lrt -ldl -lcrypt -lm   -lc"
conftest.c: In function ‘t’:
conftest.c:9:57: error: ‘socket’ undeclared (first use in this function)
conftest.c:9:57: note: each undeclared identifier is reported only once for each function it appears in
conftest.c:9:32: warning: variable ‘p’ set but not used [-Wunused-but-set-variable]
checked program was:
/* begin */
1: #include "ruby.h"
2: 
3: /*top*/
4: int main(int argc, char **argv)
5: {
6:   return 0;
7: }
8: extern int t(void);
9: int t(void) { void ((*volatile p)()); p = (void ((*)()))socket; return 0; }
/* end */

"gcc -o conftest -I../../.ext/include/x86_64-linux -I../.././include -I../.././ext/tk     -O3 -ggdb -Wall -Wextra -Wno-unused-parameter -Wno-parentheses -Wno-long-long -Wno-missing-field-initializers -Wpointer-arith -Wwrite-strings -Wdeclaration-after-statement -Wimplicit-function-declaration conftest.c  -L. -L../.. -L.  -rdynamic -Wl,-export-dynamic     -Wl,-R -Wl,/usr/local/lib -L/usr/local/lib -lruby-static -lsocket  -lpthread -lrt -ldl -lcrypt -lm   -lc"
conftest.c: In function ‘t’:
conftest.c:9:1: warning: implicit declaration of function ‘socket’ [-Wimplicit-function-declaration]
/usr/bin/ld: cannot find -lsocket
collect2: error: ld returned 1 exit status
checked program was:
/* begin */
1: #include "ruby.h"
2: 
3: /*top*/
4: int main(int argc, char **argv)
5: {
6:   return 0;
7: }
8: extern int t(void);
9: int t(void) { socket(); return 0; }
/* end */

--------------------

have_library: checking for dlopen() in -ldl... -------------------- yes

"gcc -o conftest -I../../.ext/include/x86_64-linux -I../.././include -I../.././ext/tk     -O3 -ggdb -Wall -Wextra -Wno-unused-parameter -Wno-parentheses -Wno-long-long -Wno-missing-field-initializers -Wpointer-arith -Wwrite-strings -Wdeclaration-after-statement -Wimplicit-function-declaration conftest.c  -L. -L../.. -L.  -rdynamic -Wl,-export-dynamic     -Wl,-R -Wl,/usr/local/lib -L/usr/local/lib -lruby-static -ldl  -lpthread -lrt -ldl -lcrypt -lm   -lc"
conftest.c: In function ‘t’:
conftest.c:9:57: error: ‘dlopen’ undeclared (first use in this function)
conftest.c:9:57: note: each undeclared identifier is reported only once for each function it appears in
conftest.c:9:32: warning: variable ‘p’ set but not used [-Wunused-but-set-variable]
checked program was:
/* begin */
1: #include "ruby.h"
2: 
3: /*top*/
4: int main(int argc, char **argv)
5: {
6:   return 0;
7: }
8: extern int t(void);
9: int t(void) { void ((*volatile p)()); p = (void ((*)()))dlopen; return 0; }
/* end */

"gcc -o conftest -I../../.ext/include/x86_64-linux -I../.././include -I../.././ext/tk     -O3 -ggdb -Wall -Wextra -Wno-unused-parameter -Wno-parentheses -Wno-long-long -Wno-missing-field-initializers -Wpointer-arith -Wwrite-strings -Wdeclaration-after-statement -Wimplicit-function-declaration conftest.c  -L. -L../.. -L.  -rdynamic -Wl,-export-dynamic     -Wl,-R -Wl,/usr/local/lib -L/usr/local/lib -lruby-static -ldl  -lpthread -lrt -ldl -lcrypt -lm   -lc"
conftest.c: In function ‘t’:
conftest.c:9:1: warning: implicit declaration of function ‘dlopen’ [-Wimplicit-function-declaration]
checked program was:
/* begin */
1: #include "ruby.h"
2: 
3: /*top*/
4: int main(int argc, char **argv)
5: {
6:   return 0;
7: }
8: extern int t(void);
9: int t(void) { dlopen(); return 0; }
/* end */

--------------------

have_library: checking for log() in -lm... -------------------- yes

"gcc -o conftest -I../../.ext/include/x86_64-linux -I../.././include -I../.././ext/tk     -O3 -ggdb -Wall -Wextra -Wno-unused-parameter -Wno-parentheses -Wno-long-long -Wno-missing-field-initializers -Wpointer-arith -Wwrite-strings -Wdeclaration-after-statement -Wimplicit-function-declaration conftest.c  -L. -L../.. -L.  -rdynamic -Wl,-export-dynamic    -ldl  -Wl,-R -Wl,/usr/local/lib -L/usr/local/lib -lruby-static -lm -ldl  -lpthread -lrt -ldl -lcrypt -lm   -lc"
conftest.c: In function ‘t’:
conftest.c:11:32: warning: variable ‘p’ set but not used [-Wunused-but-set-variable]
checked program was:
/* begin */
 1: #include "ruby.h"
 2: 
 3: #include <math.h>
 4: 
 5: /*top*/
 6: int main(int argc, char **argv)
 7: {
 8:   return 0;
 9: }
10: extern int t(void);
11: int t(void) { void ((*volatile p)()); p = (void ((*)()))log; return 0; }
/* end */

--------------------

"gcc -I../../.ext/include/x86_64-linux -I../.././include -I../.././ext/tk     -O3 -ggdb -Wall -Wextra -Wno-unused-parameter -Wno-parentheses -Wno-long-long -Wno-missing-field-initializers -Wpointer-arith -Wwrite-strings -Wdeclaration-after-statement -Wimplicit-function-declaration   -c conftest.c"
checked program was:
/* begin */
1: #include "ruby.h"
2: 
3: #include "ruby.h"
4: /*top*/
5: #ifndef HAVE_NATIVETHREAD
6: # error
7: >>>>>> HAVE_NATIVETHREAD undefined <<<<<<
8: #endif
/* end */

find_library: checking for XOpenDisplay() in -lX11... -------------------- yes

"gcc -o conftest -I../../.ext/include/x86_64-linux -I../.././include -I../.././ext/tk     -O3 -ggdb -Wall -Wextra -Wno-unused-parameter -Wno-parentheses -Wno-long-long -Wno-missing-field-initializers -Wpointer-arith -Wwrite-strings -Wdeclaration-after-statement -Wimplicit-function-declaration conftest.c  -L. -L../.. -L.  -rdynamic -Wl,-export-dynamic    -lm -ldl  -Wl,-R -Wl,/usr/local/lib -L/usr/local/lib -lruby-static -lX11 -lm -ldl  -lpthread -lrt -ldl -lcrypt -lm   -lc"
conftest.c: In function ‘t’:
conftest.c:9:57: error: ‘XOpenDisplay’ undeclared (first use in this function)
conftest.c:9:57: note: each undeclared identifier is reported only once for each function it appears in
conftest.c:9:32: warning: variable ‘p’ set but not used [-Wunused-but-set-variable]
checked program was:
/* begin */
1: #include "ruby.h"
2: 
3: /*top*/
4: int main(int argc, char **argv)
5: {
6:   return 0;
7: }
8: extern int t(void);
9: int t(void) { void ((*volatile p)()); p = (void ((*)()))XOpenDisplay; return 0; }
/* end */

"gcc -o conftest -I../../.ext/include/x86_64-linux -I../.././include -I../.././ext/tk     -O3 -ggdb -Wall -Wextra -Wno-unused-parameter -Wno-parentheses -Wno-long-long -Wno-missing-field-initializers -Wpointer-arith -Wwrite-strings -Wdeclaration-after-statement -Wimplicit-function-declaration conftest.c  -L. -L../.. -L.  -rdynamic -Wl,-export-dynamic    -lm -ldl  -Wl,-R -Wl,/usr/local/lib -L/usr/local/lib -lruby-static -lX11 -lm -ldl  -lpthread -lrt -ldl -lcrypt -lm   -lc"
conftest.c: In function ‘t’:
conftest.c:9:1: warning: implicit declaration of function ‘XOpenDisplay’ [-Wimplicit-function-declaration]
checked program was:
/* begin */
1: #include "ruby.h"
2: 
3: /*top*/
4: int main(int argc, char **argv)
5: {
6:   return 0;
7: }
8: extern int t(void);
9: int t(void) { XOpenDisplay(); return 0; }
/* end */

--------------------

have_header: checking for tcl.h... -------------------- no

"gcc -E -I../../.ext/include/x86_64-linux -I../.././include -I../.././ext/tk     -O3 -ggdb -Wall -Wextra -Wno-unused-parameter -Wno-parentheses -Wno-long-long -Wno-missing-field-initializers -Wpointer-arith -Wwrite-strings -Wdeclaration-after-statement -Wimplicit-function-declaration  conftest.c -o conftest.i"
conftest.c:3:17: fatal error: tcl.h: No such file or directory
compilation terminated.
checked program was:
/* begin */
1: #include "ruby.h"
2: 
3: #include <tcl.h>
/* end */

--------------------

"gcc -E -I../../.ext/include/x86_64-linux -I../.././include -I../.././ext/tk     -O3 -ggdb -Wall -Wextra -Wno-unused-parameter -Wno-parentheses -Wno-long-long -Wno-missing-field-initializers -Wpointer-arith -Wwrite-strings -Wdeclaration-after-statement -Wimplicit-function-declaration  -I/usr/local/include conftest.c -o conftest.i"
conftest.c:3:17: fatal error: tcl.h: No such file or directory
compilation terminated.
checked program was:
/* begin */
1: #include "ruby.h"
2: 
3: #include <tcl.h>
/* end */

"gcc -E -I../../.ext/include/x86_64-linux -I../.././include -I../.././ext/tk     -O3 -ggdb -Wall -Wextra -Wno-unused-parameter -Wno-parentheses -Wno-long-long -Wno-missing-field-initializers -Wpointer-arith -Wwrite-strings -Wdeclaration-after-statement -Wimplicit-function-declaration  -I/usr/include conftest.c -o conftest.i"
conftest.c:3:17: fatal error: tcl.h: No such file or directory
compilation terminated.
checked program was:
/* begin */
1: #include "ruby.h"
2: 
3: #include <tcl.h>
/* end */

"gcc -E -I../../.ext/include/x86_64-linux -I../.././include -I../.././ext/tk     -O3 -ggdb -Wall -Wextra -Wno-unused-parameter -Wno-parentheses -Wno-long-long -Wno-missing-field-initializers -Wpointer-arith -Wwrite-strings -Wdeclaration-after-statement -Wimplicit-function-declaration  -I/usr/local/lib64 conftest.c -o conftest.i"
conftest.c:3:17: fatal error: tcl.h: No such file or directory
compilation terminated.
checked program was:
/* begin */
1: #include "ruby.h"
2: 
3: #include <tcl.h>
/* end */

"gcc -E -I../../.ext/include/x86_64-linux -I../.././include -I../.././ext/tk     -O3 -ggdb -Wall -Wextra -Wno-unused-parameter -Wno-parentheses -Wno-long-long -Wno-missing-field-initializers -Wpointer-arith -Wwrite-strings -Wdeclaration-after-statement -Wimplicit-function-declaration  -I/usr/local/lib conftest.c -o conftest.i"
conftest.c:3:17: fatal error: tcl.h: No such file or directory
compilation terminated.
checked program was:
/* begin */
1: #include "ruby.h"
2: 
3: #include <tcl.h>
/* end */

"gcc -E -I../../.ext/include/x86_64-linux -I../.././include -I../.././ext/tk     -O3 -ggdb -Wall -Wextra -Wno-unused-parameter -Wno-parentheses -Wno-long-long -Wno-missing-field-initializers -Wpointer-arith -Wwrite-strings -Wdeclaration-after-statement -Wimplicit-function-declaration  -I/usr/lib64 conftest.c -o conftest.i"
conftest.c:3:17: fatal error: tcl.h: No such file or directory
compilation terminated.
checked program was:
/* begin */
1: #include "ruby.h"
2: 
3: #include <tcl.h>
/* end */

"gcc -E -I../../.ext/include/x86_64-linux -I../.././include -I../.././ext/tk     -O3 -ggdb -Wall -Wextra -Wno-unused-parameter -Wno-parentheses -Wno-long-long -Wno-missing-field-initializers -Wpointer-arith -Wwrite-strings -Wdeclaration-after-statement -Wimplicit-function-declaration  -I/usr/lib conftest.c -o conftest.i"
conftest.c:3:17: fatal error: tcl.h: No such file or directory
compilation terminated.
checked program was:
/* begin */
1: #include "ruby.h"
2: 
3: #include <tcl.h>
/* end */

have_header: checking for tk.h... -------------------- no

"gcc -E -I../../.ext/include/x86_64-linux -I../.././include -I../.././ext/tk     -O3 -ggdb -Wall -Wextra -Wno-unused-parameter -Wno-parentheses -Wno-long-long -Wno-missing-field-initializers -Wpointer-arith -Wwrite-strings -Wdeclaration-after-statement -Wimplicit-function-declaration  conftest.c -o conftest.i"
conftest.c:3:16: fatal error: tk.h: No such file or directory
compilation terminated.
checked program was:
/* begin */
1: #include "ruby.h"
2: 
3: #include <tk.h>
/* end */

--------------------

"gcc -E -I../../.ext/include/x86_64-linux -I../.././include -I../.././ext/tk     -O3 -ggdb -Wall -Wextra -Wno-unused-parameter -Wno-parentheses -Wno-long-long -Wno-missing-field-initializers -Wpointer-arith -Wwrite-strings -Wdeclaration-after-statement -Wimplicit-function-declaration  -I/usr/local/include conftest.c -o conftest.i"
conftest.c:3:17: fatal error: tcl.h: No such file or directory
compilation terminated.
checked program was:
/* begin */
1: #include "ruby.h"
2: 
3: #include <tcl.h>
4: #include <tk.h>
/* end */

"gcc -E -I../../.ext/include/x86_64-linux -I../.././include -I../.././ext/tk     -O3 -ggdb -Wall -Wextra -Wno-unused-parameter -Wno-parentheses -Wno-long-long -Wno-missing-field-initializers -Wpointer-arith -Wwrite-strings -Wdeclaration-after-statement -Wimplicit-function-declaration  -I/usr/include conftest.c -o conftest.i"
conftest.c:3:17: fatal error: tcl.h: No such file or directory
compilation terminated.
checked program was:
/* begin */
1: #include "ruby.h"
2: 
3: #include <tcl.h>
4: #include <tk.h>
/* end */

"gcc -E -I../../.ext/include/x86_64-linux -I../.././include -I../.././ext/tk     -O3 -ggdb -Wall -Wextra -Wno-unused-parameter -Wno-parentheses -Wno-long-long -Wno-missing-field-initializers -Wpointer-arith -Wwrite-strings -Wdeclaration-after-statement -Wimplicit-function-declaration  -I/usr/local/lib64 conftest.c -o conftest.i"
conftest.c:3:17: fatal error: tcl.h: No such file or directory
compilation terminated.
checked program was:
/* begin */
1: #include "ruby.h"
2: 
3: #include <tcl.h>
4: #include <tk.h>
/* end */

"gcc -E -I../../.ext/include/x86_64-linux -I../.././include -I../.././ext/tk     -O3 -ggdb -Wall -Wextra -Wno-unused-parameter -Wno-parentheses -Wno-long-long -Wno-missing-field-initializers -Wpointer-arith -Wwrite-strings -Wdeclaration-after-statement -Wimplicit-function-declaration  -I/usr/local/lib conftest.c -o conftest.i"
conftest.c:3:17: fatal error: tcl.h: No such file or directory
compilation terminated.
checked program was:
/* begin */
1: #include "ruby.h"
2: 
3: #include <tcl.h>
4: #include <tk.h>
/* end */

"gcc -E -I../../.ext/include/x86_64-linux -I../.././include -I../.././ext/tk     -O3 -ggdb -Wall -Wextra -Wno-unused-parameter -Wno-parentheses -Wno-long-long -Wno-missing-field-initializers -Wpointer-arith -Wwrite-strings -Wdeclaration-after-statement -Wimplicit-function-declaration  -I/usr/lib64 conftest.c -o conftest.i"
conftest.c:3:17: fatal error: tcl.h: No such file or directory
compilation terminated.
checked program was:
/* begin */
1: #include "ruby.h"
2: 
3: #include <tcl.h>
4: #include <tk.h>
/* end */

"gcc -E -I../../.ext/include/x86_64-linux -I../.././include -I../.././ext/tk     -O3 -ggdb -Wall -Wextra -Wno-unused-parameter -Wno-parentheses -Wno-long-long -Wno-missing-field-initializers -Wpointer-arith -Wwrite-strings -Wdeclaration-after-statement -Wimplicit-function-declaration  -I/usr/lib conftest.c -o conftest.i"
conftest.c:3:17: fatal error: tcl.h: No such file or directory
compilation terminated.
checked program was:
/* begin */
1: #include "ruby.h"
2: 
3: #include <tcl.h>
4: #include <tk.h>
/* end */

Failed to configure tk. It will not be installed.
